Determining if the pthread_create exist failed with the following output:
Change Dir: /home/ramdas/iarc_detection_modules/feature_detection/build/catkin_tools_prebuild/CMakeFiles/CMakeTmp

Run Build Command:"/usr/bin/make" "cmTC_68bc7/fast"
/usr/bin/make -f CMakeFiles/cmTC_68bc7.dir/build.make CMakeFiles/cmTC_68bc7.dir/build
make[1]: Entering directory '/home/ramdas/iarc_detection_modules/feature_detection/build/catkin_tools_prebuild/CMakeFiles/CMakeTmp'
Building C object CMakeFiles/cmTC_68bc7.dir/CheckSymbolExists.c.o
/usr/bin/cc    -o CMakeFiles/cmTC_68bc7.dir/CheckSymbolExists.c.o   -c /home/ramdas/iarc_detection_modules/feature_detection/build/catkin_tools_prebuild/CMakeFiles/CMakeTmp/CheckSymbolExists.c
Linking C executable cmTC_68bc7
/usr/bin/cmake -E cmake_link_script CMakeFiles/cmTC_68bc7.dir/link.txt --verbose=1
/usr/bin/cc      -rdynamic CMakeFiles/cmTC_68bc7.dir/CheckSymbolExists.c.o  -o cmTC_68bc7 
CMakeFiles/cmTC_68bc7.dir/CheckSymbolExists.c.o: In function `main':
CheckSymbolExists.c:(.text+0x1b): undefined reference to `pthread_create'
collect2: error: ld returned 1 exit status
CMakeFiles/cmTC_68bc7.dir/build.make:97: recipe for target 'cmTC_68bc7' failed
make[1]: *** [cmTC_68bc7] Error 1
make[1]: Leaving directory '/home/ramdas/iarc_detection_modules/feature_detection/build/catkin_tools_prebuild/CMakeFiles/CMakeTmp'
Makefile:126: recipe for target 'cmTC_68bc7/fast' failed
make: *** [cmTC_68bc7/fast] Error 2

File /home/ramdas/iarc_detection_modules/feature_detection/build/catkin_tools_prebuild/CMakeFiles/CMakeTmp/CheckSymbolExists.c:
/* */
#include <pthread.h>

int main(int argc, char** argv)
{
  (void)argv;
#ifndef pthread_create
  return ((int*)(&pthread_create))[argc];
#else
  (void)argc;
  return 0;
#endif
}

Determining if the function pthread_create exists in the pthreads failed with the following output:
Change Dir: /home/ramdas/iarc_detection_modules/feature_detection/build/catkin_tools_prebuild/CMakeFiles/CMakeTmp

Run Build Command:"/usr/bin/make" "cmTC_1612f/fast"
/usr/bin/make -f CMakeFiles/cmTC_1612f.dir/build.make CMakeFiles/cmTC_1612f.dir/build
make[1]: Entering directory '/home/ramdas/iarc_detection_modules/feature_detection/build/catkin_tools_prebuild/CMakeFiles/CMakeTmp'
Building C object CMakeFiles/cmTC_1612f.dir/CheckFunctionExists.c.o
/usr/bin/cc   -DCHECK_FUNCTION_EXISTS=pthread_create   -o CMakeFiles/cmTC_1612f.dir/CheckFunctionExists.c.o   -c /usr/share/cmake-3.10/Modules/CheckFunctionExists.c
Linking C executable cmTC_1612f
/usr/bin/cmake -E cmake_link_script CMakeFiles/cmTC_1612f.dir/link.txt --verbose=1
/usr/bin/cc  -DCHECK_FUNCTION_EXISTS=pthread_create    -rdynamic CMakeFiles/cmTC_1612f.dir/CheckFunctionExists.c.o  -o cmTC_1612f -lpthreads 
/usr/bin/ld: cannot find -lpthreads
collect2: error: ld returned 1 exit status
CMakeFiles/cmTC_1612f.dir/build.make:97: recipe for target 'cmTC_1612f' failed
make[1]: *** [cmTC_1612f] Error 1
make[1]: Leaving directory '/home/ramdas/iarc_detection_modules/feature_detection/build/catkin_tools_prebuild/CMakeFiles/CMakeTmp'
Makefile:126: recipe for target 'cmTC_1612f/fast' failed
make: *** [cmTC_1612f/fast] Error 2


